<?xml version="1.0" encoding="UTF-8"?>
<testng-results ignored="0" total="1" passed="1" failed="0" skipped="0">
  <reporter-output>
  </reporter-output>
  <suite started-at="2023-01-02T09:09:51 IST" name="Default suite" finished-at="2023-01-02T09:09:53 IST" duration-ms="1604">
    <groups>
    </groups>
    <test started-at="2023-01-02T09:09:51 IST" name="Default test" finished-at="2023-01-02T09:09:53 IST" duration-ms="1604">
      <class name="Automating_JIRA_Api.GetIssue">
        <test-method signature="getIssueDetails()[pri:0, instance:Automating_JIRA_Api.GetIssue@6a370f4]" started-at="2023-01-02T09:09:51 IST" name="getIssueDetails" finished-at="2023-01-02T09:09:53 IST" duration-ms="1565" status="PASS">
          <reporter-output>
          </reporter-output>
        </test-method> <!-- getIssueDetails -->
      </class> <!-- Automating_JIRA_Api.GetIssue -->
    </test> <!-- Default test -->
  </suite> <!-- Default suite -->
</testng-results>
